{"C:\\Users\\labadmin\\Documents\\customer-list-project\\back-end-rest-server\\auth.js": {"path":"C:\\Users\\labadmin\\Documents\\customer-list-project\\back-end-rest-server\\auth.js","statementMap":{"0":{"start":{"line":1,"column":15},"end":{"line":1,"column":32}},"1":{"start":{"line":3,"column":15},"end":{"line":3,"column":17}},"2":{"start":{"line":7,"column":18},"end":{"line":7,"column":56}},"3":{"start":{"line":8,"column":4},"end":{"line":8,"column":22}},"4":{"start":{"line":9,"column":4},"end":{"line":9,"column":16}},"5":{"start":{"line":13,"column":4},"end":{"line":13,"column":33}},"6":{"start":{"line":17,"column":16},"end":{"line":17,"column":37}},"7":{"start":{"line":18,"column":4},"end":{"line":18,"column":41}},"8":{"start":{"line":18,"column":20},"end":{"line":18,"column":41}},"9":{"start":{"line":21,"column":0},"end":{"line":26,"column":1}}},"fnMap":{"0":{"name":"generateToken","decl":{"start":{"line":5,"column":9},"end":{"line":5,"column":22}},"loc":{"start":{"line":5,"column":25},"end":{"line":10,"column":1}},"line":5},"1":{"name":"verifyToken","decl":{"start":{"line":12,"column":9},"end":{"line":12,"column":20}},"loc":{"start":{"line":12,"column":28},"end":{"line":14,"column":1}},"line":12},"2":{"name":"removeToken","decl":{"start":{"line":16,"column":9},"end":{"line":16,"column":20}},"loc":{"start":{"line":16,"column":28},"end":{"line":19,"column":1}},"line":16}},"branchMap":{"0":{"loc":{"start":{"line":18,"column":4},"end":{"line":18,"column":41}},"type":"if","locations":[{"start":{"line":18,"column":4},"end":{"line":18,"column":41}},{"start":{},"end":{}}],"line":18}},"s":{"0":1,"1":1,"2":3,"3":3,"4":3,"5":2,"6":1,"7":1,"8":1,"9":1},"f":{"0":3,"1":2,"2":1},"b":{"0":[1,0]},"_coverageSchema":"1a1c01bbd47fc00a2c39e90264f33305004495a9","hash":"9d73d3ba8838ce777a8c545445477adfa520adff"}
,"C:\\Users\\labadmin\\Documents\\customer-list-project\\back-end-rest-server\\db.js": {"path":"C:\\Users\\labadmin\\Documents\\customer-list-project\\back-end-rest-server\\db.js","statementMap":{"0":{"start":{"line":1,"column":11},"end":{"line":1,"column":33}},"1":{"start":{"line":2,"column":13},"end":{"line":2,"column":28}},"2":{"start":{"line":7,"column":7},"end":{"line":7,"column":53}},"3":{"start":{"line":12,"column":8},"end":{"line":18,"column":9}},"4":{"start":{"line":13,"column":25},"end":{"line":13,"column":66}},"5":{"start":{"line":14,"column":27},"end":{"line":14,"column":43}},"6":{"start":{"line":15,"column":12},"end":{"line":15,"column":41}},"7":{"start":{"line":17,"column":12},"end":{"line":17,"column":22}},"8":{"start":{"line":23,"column":8},"end":{"line":29,"column":9}},"9":{"start":{"line":24,"column":26},"end":{"line":24,"column":46}},"10":{"start":{"line":26,"column":12},"end":{"line":26,"column":52}},"11":{"start":{"line":26,"column":38},"end":{"line":26,"column":51}},"12":{"start":{"line":28,"column":12},"end":{"line":28,"column":22}},"13":{"start":{"line":34,"column":8},"end":{"line":46,"column":9}},"14":{"start":{"line":35,"column":25},"end":{"line":35,"column":66}},"15":{"start":{"line":36,"column":27},"end":{"line":36,"column":43}},"16":{"start":{"line":37,"column":26},"end":{"line":37,"column":48}},"17":{"start":{"line":39,"column":29},"end":{"line":39,"column":64}},"18":{"start":{"line":39,"column":50},"end":{"line":39,"column":63}},"19":{"start":{"line":40,"column":12},"end":{"line":40,"column":39}},"20":{"start":{"line":42,"column":12},"end":{"line":42,"column":78}},"21":{"start":{"line":43,"column":12},"end":{"line":43,"column":27}},"22":{"start":{"line":45,"column":12},"end":{"line":45,"column":22}},"23":{"start":{"line":51,"column":8},"end":{"line":65,"column":9}},"24":{"start":{"line":52,"column":25},"end":{"line":52,"column":66}},"25":{"start":{"line":53,"column":27},"end":{"line":53,"column":43}},"26":{"start":{"line":54,"column":26},"end":{"line":54,"column":48}},"27":{"start":{"line":57,"column":12},"end":{"line":57,"column":54}},"28":{"start":{"line":58,"column":12},"end":{"line":58,"column":28}},"29":{"start":{"line":59,"column":12},"end":{"line":59,"column":36}},"30":{"start":{"line":61,"column":12},"end":{"line":61,"column":78}},"31":{"start":{"line":62,"column":12},"end":{"line":62,"column":23}},"32":{"start":{"line":64,"column":12},"end":{"line":64,"column":22}},"33":{"start":{"line":70,"column":8},"end":{"line":85,"column":9}},"34":{"start":{"line":71,"column":25},"end":{"line":71,"column":66}},"35":{"start":{"line":72,"column":27},"end":{"line":72,"column":43}},"36":{"start":{"line":73,"column":26},"end":{"line":73,"column":48}},"37":{"start":{"line":74,"column":24},"end":{"line":74,"column":62}},"38":{"start":{"line":74,"column":48},"end":{"line":74,"column":61}},"39":{"start":{"line":76,"column":12},"end":{"line":77,"column":27}},"40":{"start":{"line":77,"column":16},"end":{"line":77,"column":27}},"41":{"start":{"line":78,"column":12},"end":{"line":78,"column":73}},"42":{"start":{"line":79,"column":12},"end":{"line":79,"column":36}},"43":{"start":{"line":81,"column":12},"end":{"line":81,"column":78}},"44":{"start":{"line":82,"column":12},"end":{"line":82,"column":29}},"45":{"start":{"line":84,"column":12},"end":{"line":84,"column":22}},"46":{"start":{"line":89,"column":0},"end":{"line":89,"column":29}}},"fnMap":{"0":{"name":"(anonymous_0)","decl":{"start":{"line":6,"column":4},"end":{"line":6,"column":5}},"loc":{"start":{"line":6,"column":25},"end":{"line":8,"column":5}},"line":6},"1":{"name":"(anonymous_1)","decl":{"start":{"line":11,"column":4},"end":{"line":11,"column":5}},"loc":{"start":{"line":11,"column":19},"end":{"line":19,"column":5}},"line":11},"2":{"name":"(anonymous_2)","decl":{"start":{"line":22,"column":4},"end":{"line":22,"column":5}},"loc":{"start":{"line":22,"column":22},"end":{"line":30,"column":5}},"line":22},"3":{"name":"(anonymous_3)","decl":{"start":{"line":26,"column":30},"end":{"line":26,"column":31}},"loc":{"start":{"line":26,"column":38},"end":{"line":26,"column":51}},"line":26},"4":{"name":"(anonymous_4)","decl":{"start":{"line":33,"column":4},"end":{"line":33,"column":5}},"loc":{"start":{"line":33,"column":24},"end":{"line":47,"column":5}},"line":33},"5":{"name":"(anonymous_5)","decl":{"start":{"line":39,"column":42},"end":{"line":39,"column":43}},"loc":{"start":{"line":39,"column":50},"end":{"line":39,"column":63}},"line":39},"6":{"name":"(anonymous_6)","decl":{"start":{"line":50,"column":4},"end":{"line":50,"column":5}},"loc":{"start":{"line":50,"column":19},"end":{"line":66,"column":5}},"line":50},"7":{"name":"(anonymous_7)","decl":{"start":{"line":69,"column":4},"end":{"line":69,"column":5}},"loc":{"start":{"line":69,"column":33},"end":{"line":86,"column":5}},"line":69},"8":{"name":"(anonymous_8)","decl":{"start":{"line":74,"column":40},"end":{"line":74,"column":41}},"loc":{"start":{"line":74,"column":48},"end":{"line":74,"column":61}},"line":74}},"branchMap":{"0":{"loc":{"start":{"line":15,"column":19},"end":{"line":15,"column":41}},"type":"binary-expr","locations":[{"start":{"line":15,"column":19},"end":{"line":15,"column":35}},{"start":{"line":15,"column":39},"end":{"line":15,"column":41}}],"line":15},"1":{"loc":{"start":{"line":37,"column":26},"end":{"line":37,"column":48}},"type":"binary-expr","locations":[{"start":{"line":37,"column":26},"end":{"line":37,"column":42}},{"start":{"line":37,"column":46},"end":{"line":37,"column":48}}],"line":37},"2":{"loc":{"start":{"line":54,"column":26},"end":{"line":54,"column":48}},"type":"binary-expr","locations":[{"start":{"line":54,"column":26},"end":{"line":54,"column":42}},{"start":{"line":54,"column":46},"end":{"line":54,"column":48}}],"line":54},"3":{"loc":{"start":{"line":57,"column":22},"end":{"line":57,"column":54}},"type":"binary-expr","locations":[{"start":{"line":57,"column":22},"end":{"line":57,"column":29}},{"start":{"line":57,"column":33},"end":{"line":57,"column":54}}],"line":57},"4":{"loc":{"start":{"line":73,"column":26},"end":{"line":73,"column":48}},"type":"binary-expr","locations":[{"start":{"line":73,"column":26},"end":{"line":73,"column":42}},{"start":{"line":73,"column":46},"end":{"line":73,"column":48}}],"line":73},"5":{"loc":{"start":{"line":76,"column":12},"end":{"line":77,"column":27}},"type":"if","locations":[{"start":{"line":76,"column":12},"end":{"line":77,"column":27}},{"start":{},"end":{}}],"line":76}},"s":{"0":2,"1":2,"2":6,"3":4,"4":4,"5":4,"6":4,"7":0,"8":2,"9":2,"10":2,"11":2,"12":0,"13":1,"14":1,"15":1,"16":1,"17":1,"18":2,"19":1,"20":1,"21":1,"22":0,"23":1,"24":1,"25":1,"26":1,"27":1,"28":1,"29":1,"30":1,"31":1,"32":0,"33":2,"34":2,"35":2,"36":2,"37":2,"38":3,"39":2,"40":1,"41":1,"42":1,"43":1,"44":1,"45":0,"46":2},"f":{"0":6,"1":4,"2":2,"3":2,"4":1,"5":2,"6":1,"7":2,"8":3},"b":{"0":[4,0],"1":[1,0],"2":[1,0],"3":[1,1],"4":[2,0],"5":[1,1]},"_coverageSchema":"1a1c01bbd47fc00a2c39e90264f33305004495a9","hash":"6a38a84bd81dae946f53b6e4e9e03b630bd2dcf3"}
,"C:\\Users\\labadmin\\Documents\\customer-list-project\\back-end-rest-server\\exportData.js": {"path":"C:\\Users\\labadmin\\Documents\\customer-list-project\\back-end-rest-server\\exportData.js","statementMap":{"0":{"start":{"line":1,"column":11},"end":{"line":1,"column":33}},"1":{"start":{"line":2,"column":13},"end":{"line":2,"column":28}},"2":{"start":{"line":3,"column":13},"end":{"line":3,"column":28}},"3":{"start":{"line":4,"column":15},"end":{"line":4,"column":34}},"4":{"start":{"line":6,"column":15},"end":{"line":6,"column":27}},"5":{"start":{"line":9,"column":21},"end":{"line":9,"column":54}},"6":{"start":{"line":10,"column":20},"end":{"line":10,"column":57}},"7":{"start":{"line":11,"column":16},"end":{"line":11,"column":52}},"8":{"start":{"line":12,"column":19},"end":{"line":12,"column":34}},"9":{"start":{"line":13,"column":22},"end":{"line":13,"column":44}},"10":{"start":{"line":15,"column":4},"end":{"line":18,"column":5}},"11":{"start":{"line":16,"column":8},"end":{"line":16,"column":46}},"12":{"start":{"line":17,"column":8},"end":{"line":17,"column":15}},"13":{"start":{"line":21,"column":17},"end":{"line":21,"column":80}},"14":{"start":{"line":21,"column":61},"end":{"line":21,"column":77}},"15":{"start":{"line":22,"column":19},"end":{"line":22,"column":33}},"16":{"start":{"line":23,"column":17},"end":{"line":23,"column":92}},"17":{"start":{"line":23,"column":38},"end":{"line":23,"column":91}},"18":{"start":{"line":23,"column":52},"end":{"line":23,"column":80}},"19":{"start":{"line":24,"column":16},"end":{"line":24,"column":44}},"20":{"start":{"line":26,"column":4},"end":{"line":26,"column":37}},"21":{"start":{"line":27,"column":4},"end":{"line":27,"column":44}},"22":{"start":{"line":31,"column":21},"end":{"line":31,"column":54}},"23":{"start":{"line":32,"column":20},"end":{"line":32,"column":58}},"24":{"start":{"line":33,"column":16},"end":{"line":33,"column":52}},"25":{"start":{"line":34,"column":19},"end":{"line":34,"column":34}},"26":{"start":{"line":35,"column":22},"end":{"line":35,"column":44}},"27":{"start":{"line":37,"column":4},"end":{"line":40,"column":5}},"28":{"start":{"line":38,"column":8},"end":{"line":38,"column":46}},"29":{"start":{"line":39,"column":8},"end":{"line":39,"column":15}},"30":{"start":{"line":43,"column":22},"end":{"line":43,"column":57}},"31":{"start":{"line":44,"column":21},"end":{"line":44,"column":42}},"32":{"start":{"line":45,"column":4},"end":{"line":45,"column":67}},"33":{"start":{"line":46,"column":4},"end":{"line":46,"column":38}},"34":{"start":{"line":47,"column":4},"end":{"line":47,"column":45}},"35":{"start":{"line":50,"column":0},"end":{"line":53,"column":1}}},"fnMap":{"0":{"name":"exportToCSV","decl":{"start":{"line":8,"column":15},"end":{"line":8,"column":26}},"loc":{"start":{"line":8,"column":29},"end":{"line":28,"column":1}},"line":8},"1":{"name":"(anonymous_1)","decl":{"start":{"line":21,"column":54},"end":{"line":21,"column":55}},"loc":{"start":{"line":21,"column":61},"end":{"line":21,"column":77}},"line":21},"2":{"name":"(anonymous_2)","decl":{"start":{"line":23,"column":31},"end":{"line":23,"column":32}},"loc":{"start":{"line":23,"column":38},"end":{"line":23,"column":91}},"line":23},"3":{"name":"(anonymous_3)","decl":{"start":{"line":23,"column":47},"end":{"line":23,"column":48}},"loc":{"start":{"line":23,"column":52},"end":{"line":23,"column":80}},"line":23},"4":{"name":"exportToXLSX","decl":{"start":{"line":30,"column":15},"end":{"line":30,"column":27}},"loc":{"start":{"line":30,"column":30},"end":{"line":48,"column":1}},"line":30}},"branchMap":{"0":{"loc":{"start":{"line":13,"column":22},"end":{"line":13,"column":44}},"type":"binary-expr","locations":[{"start":{"line":13,"column":22},"end":{"line":13,"column":38}},{"start":{"line":13,"column":42},"end":{"line":13,"column":44}}],"line":13},"1":{"loc":{"start":{"line":15,"column":4},"end":{"line":18,"column":5}},"type":"if","locations":[{"start":{"line":15,"column":4},"end":{"line":18,"column":5}},{"start":{},"end":{}}],"line":15},"2":{"loc":{"start":{"line":23,"column":67},"end":{"line":23,"column":79}},"type":"binary-expr","locations":[{"start":{"line":23,"column":67},"end":{"line":23,"column":73}},{"start":{"line":23,"column":77},"end":{"line":23,"column":79}}],"line":23},"3":{"loc":{"start":{"line":35,"column":22},"end":{"line":35,"column":44}},"type":"binary-expr","locations":[{"start":{"line":35,"column":22},"end":{"line":35,"column":38}},{"start":{"line":35,"column":42},"end":{"line":35,"column":44}}],"line":35},"4":{"loc":{"start":{"line":37,"column":4},"end":{"line":40,"column":5}},"type":"if","locations":[{"start":{"line":37,"column":4},"end":{"line":40,"column":5}},{"start":{},"end":{}}],"line":37}},"s":{"0":1,"1":1,"2":1,"3":1,"4":1,"5":2,"6":2,"7":2,"8":2,"9":2,"10":2,"11":1,"12":1,"13":1,"14":2,"15":1,"16":1,"17":2,"18":8,"19":1,"20":1,"21":1,"22":2,"23":2,"24":2,"25":2,"26":2,"27":2,"28":1,"29":1,"30":1,"31":1,"32":1,"33":1,"34":1,"35":1},"f":{"0":2,"1":2,"2":2,"3":8,"4":2},"b":{"0":[2,0],"1":[1,1],"2":[8,0],"3":[2,0],"4":[1,1]},"_coverageSchema":"1a1c01bbd47fc00a2c39e90264f33305004495a9","hash":"5c3362331c1cb2ae80ae77b251325442cf0759a1"}
,"C:\\Users\\labadmin\\Documents\\customer-list-project\\back-end-rest-server\\logger.js": {"path":"C:\\Users\\labadmin\\Documents\\customer-list-project\\back-end-rest-server\\logger.js","statementMap":{"0":{"start":{"line":1,"column":11},"end":{"line":1,"column":24}},"1":{"start":{"line":2,"column":13},"end":{"line":2,"column":28}},"2":{"start":{"line":6,"column":8},"end":{"line":6,"column":53}},"3":{"start":{"line":10,"column":8},"end":{"line":10,"column":28}},"4":{"start":{"line":11,"column":22},"end":{"line":11,"column":66}},"5":{"start":{"line":12,"column":8},"end":{"line":14,"column":10}},"6":{"start":{"line":13,"column":12},"end":{"line":13,"column":56}},"7":{"start":{"line":13,"column":21},"end":{"line":13,"column":56}},"8":{"start":{"line":18,"column":0},"end":{"line":18,"column":23}}},"fnMap":{"0":{"name":"(anonymous_0)","decl":{"start":{"line":5,"column":4},"end":{"line":5,"column":5}},"loc":{"start":{"line":5,"column":41},"end":{"line":7,"column":5}},"line":5},"1":{"name":"(anonymous_1)","decl":{"start":{"line":9,"column":4},"end":{"line":9,"column":5}},"loc":{"start":{"line":9,"column":17},"end":{"line":15,"column":5}},"line":9},"2":{"name":"(anonymous_2)","decl":{"start":{"line":12,"column":43},"end":{"line":12,"column":44}},"loc":{"start":{"line":12,"column":50},"end":{"line":14,"column":9}},"line":12}},"branchMap":{"0":{"loc":{"start":{"line":5,"column":16},"end":{"line":5,"column":39}},"type":"default-arg","locations":[{"start":{"line":5,"column":27},"end":{"line":5,"column":39}}],"line":5},"1":{"loc":{"start":{"line":13,"column":12},"end":{"line":13,"column":56}},"type":"if","locations":[{"start":{"line":13,"column":12},"end":{"line":13,"column":56}},{"start":{},"end":{}}],"line":13}},"s":{"0":2,"1":2,"2":4,"3":8,"4":8,"5":8,"6":7,"7":0,"8":2},"f":{"0":4,"1":8,"2":7},"b":{"0":[1],"1":[0,7]},"_coverageSchema":"1a1c01bbd47fc00a2c39e90264f33305004495a9","hash":"af715d4892d89493a52530f76eee9773c1d2e28d"}
,"C:\\Users\\labadmin\\Documents\\customer-list-project\\back-end-rest-server\\validators.js": {"path":"C:\\Users\\labadmin\\Documents\\customer-list-project\\back-end-rest-server\\validators.js","statementMap":{"0":{"start":{"line":3,"column":15},"end":{"line":3,"column":47}},"1":{"start":{"line":4,"column":4},"end":{"line":4,"column":25}},"2":{"start":{"line":9,"column":15},"end":{"line":9,"column":29}},"3":{"start":{"line":10,"column":4},"end":{"line":10,"column":24}},"4":{"start":{"line":15,"column":15},"end":{"line":15,"column":71}},"5":{"start":{"line":16,"column":4},"end":{"line":16,"column":28}},"6":{"start":{"line":19,"column":0},"end":{"line":23,"column":1}}},"fnMap":{"0":{"name":"validateEmail","decl":{"start":{"line":1,"column":9},"end":{"line":1,"column":22}},"loc":{"start":{"line":1,"column":30},"end":{"line":5,"column":1}},"line":1},"1":{"name":"validateName","decl":{"start":{"line":7,"column":9},"end":{"line":7,"column":21}},"loc":{"start":{"line":7,"column":28},"end":{"line":11,"column":1}},"line":7},"2":{"name":"validatePassword","decl":{"start":{"line":13,"column":9},"end":{"line":13,"column":25}},"loc":{"start":{"line":13,"column":36},"end":{"line":17,"column":1}},"line":13}},"branchMap":{},"s":{"0":5,"1":5,"2":5,"3":5,"4":9,"5":9,"6":1},"f":{"0":5,"1":5,"2":9},"b":{},"_coverageSchema":"1a1c01bbd47fc00a2c39e90264f33305004495a9","hash":"05aaa65600f624cbe5bc526cbc38e5ef05d4a511"}
}
