TN:
SF:auth.js
FN:5,generateToken
FN:12,verifyToken
FN:16,removeToken
FNF:3
FNH:3
FNDA:3,generateToken
FNDA:2,verifyToken
FNDA:1,removeToken
DA:1,1
DA:3,1
DA:7,3
DA:8,3
DA:9,3
DA:13,2
DA:17,1
DA:18,1
DA:21,1
LF:9
LH:9
BRDA:18,0,0,1
BRDA:18,0,1,0
BRF:2
BRH:1
end_of_record
TN:
SF:db.js
FN:6,(anonymous_0)
FN:11,(anonymous_1)
FN:22,(anonymous_2)
FN:26,(anonymous_3)
FN:33,(anonymous_4)
FN:39,(anonymous_5)
FN:50,(anonymous_6)
FN:69,(anonymous_7)
FN:74,(anonymous_8)
FNF:9
FNH:9
FNDA:6,(anonymous_0)
FNDA:4,(anonymous_1)
FNDA:2,(anonymous_2)
FNDA:2,(anonymous_3)
FNDA:1,(anonymous_4)
FNDA:2,(anonymous_5)
FNDA:1,(anonymous_6)
FNDA:2,(anonymous_7)
FNDA:3,(anonymous_8)
DA:1,2
DA:2,2
DA:7,6
DA:12,4
DA:13,4
DA:14,4
DA:15,4
DA:17,0
DA:23,2
DA:24,2
DA:26,2
DA:28,0
DA:34,1
DA:35,1
DA:36,1
DA:37,1
DA:39,2
DA:40,1
DA:42,1
DA:43,1
DA:45,0
DA:51,1
DA:52,1
DA:53,1
DA:54,1
DA:57,1
DA:58,1
DA:59,1
DA:61,1
DA:62,1
DA:64,0
DA:70,2
DA:71,2
DA:72,2
DA:73,2
DA:74,3
DA:76,2
DA:77,1
DA:78,1
DA:79,1
DA:81,1
DA:82,1
DA:84,0
DA:89,2
LF:44
LH:39
BRDA:15,0,0,4
BRDA:15,0,1,0
BRDA:37,1,0,1
BRDA:37,1,1,0
BRDA:54,2,0,1
BRDA:54,2,1,0
BRDA:57,3,0,1
BRDA:57,3,1,1
BRDA:73,4,0,2
BRDA:73,4,1,0
BRDA:76,5,0,1
BRDA:76,5,1,1
BRF:12
BRH:8
end_of_record
TN:
SF:exportData.js
FN:8,exportToCSV
FN:21,(anonymous_1)
FN:23,(anonymous_2)
FN:23,(anonymous_3)
FN:30,exportToXLSX
FNF:5
FNH:5
FNDA:2,exportToCSV
FNDA:2,(anonymous_1)
FNDA:2,(anonymous_2)
FNDA:8,(anonymous_3)
FNDA:2,exportToXLSX
DA:1,1
DA:2,1
DA:3,1
DA:4,1
DA:6,1
DA:9,2
DA:10,2
DA:11,2
DA:12,2
DA:13,2
DA:15,2
DA:16,1
DA:17,1
DA:21,2
DA:22,1
DA:23,8
DA:24,1
DA:26,1
DA:27,1
DA:31,2
DA:32,2
DA:33,2
DA:34,2
DA:35,2
DA:37,2
DA:38,1
DA:39,1
DA:43,1
DA:44,1
DA:45,1
DA:46,1
DA:47,1
DA:50,1
LF:33
LH:33
BRDA:13,0,0,2
BRDA:13,0,1,0
BRDA:15,1,0,1
BRDA:15,1,1,1
BRDA:23,2,0,8
BRDA:23,2,1,0
BRDA:35,3,0,2
BRDA:35,3,1,0
BRDA:37,4,0,1
BRDA:37,4,1,1
BRF:10
BRH:7
end_of_record
TN:
SF:logger.js
FN:5,(anonymous_0)
FN:9,(anonymous_1)
FN:12,(anonymous_2)
FNF:3
FNH:3
FNDA:4,(anonymous_0)
FNDA:8,(anonymous_1)
FNDA:7,(anonymous_2)
DA:1,2
DA:2,2
DA:6,4
DA:10,8
DA:11,8
DA:12,8
DA:13,7
DA:18,2
LF:8
LH:8
BRDA:5,0,0,1
BRDA:13,1,0,0
BRDA:13,1,1,7
BRF:3
BRH:2
end_of_record
TN:
SF:validators.js
FN:1,validateEmail
FN:7,validateName
FN:13,validatePassword
FNF:3
FNH:3
FNDA:5,validateEmail
FNDA:5,validateName
FNDA:9,validatePassword
DA:3,5
DA:4,5
DA:9,5
DA:10,5
DA:15,9
DA:16,9
DA:19,1
LF:7
LH:7
BRF:0
BRH:0
end_of_record
